

*******************************************************************************
Sat Oct  7 19:36:13 2017


FIT:    data read from 'tiempos_ordenacion.dat'
        format = z
        #datapoints = 61
        residuals are weighted equally (unit weight)

function used for fitting: h(x)
fitted parameters initialized with current variable values



 Iteration 0
 WSSR        : 1.8638e+10        delta(WSSR)/WSSR   : 0
 delta(WSSR) : 0                 limit for stopping : 1e-05
 lambda	  : 12359.4

initial set of free parameter values

a               = 1
b               = 1

After 8 iterations the fit converged.
final sum of squares of residuals : 1.76514e-08
rel. change during last iteration : -5.51804e-10

degrees of freedom    (FIT_NDF)                        : 59
rms of residuals      (FIT_STDFIT) = sqrt(WSSR/ndf)    : 1.72967e-05
variance of residuals (reduced chisquare) = WSSR/ndf   : 2.99176e-10

Final set of parameters            Asymptotic Standard Error
=======================            ==========================

a               = 4.08926e-09      +/- 2.516e-10    (6.152%)
b               = -1.30528e-06     +/- 4.397e-06    (336.9%)


correlation matrix of the fit parameters:

               a      b      
a               1.000 
b              -0.864  1.000 
